<?xml version="1.0" encoding="UTF-8"?>
<!-- Generated by org.testng.reporters.JUnitReportReporter -->
<testsuite skipped="0" hostname="psb" name="testcase.Details" tests="1" failures="0" timestamp="28 Feb 2021 08:14:31 GMT" time="10.375" errors="0">
  <testcase name="inputdata" time="10.375" classname="testcase.Details"/>
</testsuite> <!-- testcase.Details -->
