<?xml version="1.0" encoding="UTF-8"?>
<!-- Generated by org.testng.reporters.JUnitReportReporter -->
<testsuite skipped="0" hostname="psb" name="testcase.ProfileCreate" tests="1" failures="0" timestamp="28 Feb 2021 08:14:31 GMT" time="9.888" errors="0">
  <testcase name="profilecreatetest" time="9.888" classname="testcase.ProfileCreate"/>
</testsuite> <!-- testcase.ProfileCreate -->
